[22676:22692:0907/170246.813:WARNING:chrome_main_delegate.cc(596)] This is Chrome version 116.0.5845.180 (not a warning)
[22676:22692:0907/170246.941:INFO:chrome_browser_cloud_management_controller.cc(168)] Starting CBCM Controller Initialization
[22676:22692:0907/170246.941:INFO:chrome_browser_cloud_management_controller.cc(196)] No machine level policy manager exists.
[22676:22692:0907/170248.694:INFO:CONSOLE(164)] "Uncaught SyntaxError: Unexpected token '<'", source: https://ekycuat.motilaloswal.com/superjetapi (164)
[22676:22692:0907/170249.580:INFO:CONSOLE(1)] "In reducers *** type=> @@redux/INIT0.f.r.9.a.s payload=> undefined action=> [object Object] state=> [object Object]", source: https://ekycuat.motilaloswal.com/superJetApi/static/js/main.cbda0f12.chunk.js (1)
[22676:22692:0907/170249.590:INFO:CONSOLE(1)] "In reducers *** type=> @@redux/PROBE_UNKNOWN_ACTIONz.3.9.7.e payload=> undefined action=> [object Object] state=> [object Object]", source: https://ekycuat.motilaloswal.com/superJetApi/static/js/main.cbda0f12.chunk.js (1)
[22676:22692:0907/170249.616:INFO:CONSOLE(1)] "[object Object] encrypted rsa", source: https://ekycuat.motilaloswal.com/superJetApi/static/js/main.cbda0f12.chunk.js (1)
[22676:22692:0907/170249.616:INFO:CONSOLE(1)] "undefined undefined", source: https://ekycuat.motilaloswal.com/superJetApi/static/js/main.cbda0f12.chunk.js (1)
[22676:22692:0907/170249.617:INFO:CONSOLE(1)] "In reducers *** type=> @@redux/INIT0.f.r.9.a.s payload=> undefined action=> [object Object] state=> [object Object]", source: https://ekycuat.motilaloswal.com/superJetApi/static/js/main.cbda0f12.chunk.js (1)
[22676:22692:0907/170249.624:INFO:CONSOLE(1)] "In reducers *** type=> @@router/LOCATION_CHANGE payload=> [object Object] action=> [object Object] state=> [object Proxy]", source: https://ekycuat.motilaloswal.com/superJetApi/static/js/main.cbda0f12.chunk.js (1)
[22676:22692:0907/170249.625:INFO:CONSOLE(2)] "%c action %c@@router/LOCATION_CHANGE %c@ 17:02:49.623 color: gray; font-weight: lighter; color: inherit; color: gray; font-weight: lighter;", source: https://ekycuat.motilaloswal.com/superJetApi/static/js/10.868f9fa8.chunk.js (2)
[22676:22692:0907/170249.625:INFO:CONSOLE(2)] "%c prev state color: #9E9E9E; font-weight: bold [object Object]", source: https://ekycuat.motilaloswal.com/superJetApi/static/js/10.868f9fa8.chunk.js (2)
[22676:22692:0907/170249.625:INFO:CONSOLE(2)] "%c action     color: #03A9F4; font-weight: bold [object Object]", source: https://ekycuat.motilaloswal.com/superJetApi/static/js/10.868f9fa8.chunk.js (2)
[22676:22692:0907/170249.625:INFO:CONSOLE(2)] "%c next state color: #4CAF50; font-weight: bold [object Object]", source: https://ekycuat.motilaloswal.com/superJetApi/static/js/10.868f9fa8.chunk.js (2)
[22676:22692:0907/170249.626:INFO:CONSOLE(2)] "console.groupEnd", source: https://ekycuat.motilaloswal.com/superJetApi/static/js/10.868f9fa8.chunk.js (2)
[22676:22692:0907/170249.627:INFO:CONSOLE(1)] "false loader quotes", source: https://ekycuat.motilaloswal.com/superJetApi/static/js/main.cbda0f12.chunk.js (1)
[22676:22692:0907/170249.628:INFO:CONSOLE(1)] "props in global snackbar [object Object]", source: https://ekycuat.motilaloswal.com/superJetApi/static/js/main.cbda0f12.chunk.js (1)
[22676:22692:0907/170249.631:INFO:CONSOLE(1)] "Moiz=====> null", source: https://ekycuat.motilaloswal.com/superJetApi/static/js/main.cbda0f12.chunk.js (1)
[22676:22692:0907/170249.631:INFO:CONSOLE(1)] "render regform", source: https://ekycuat.motilaloswal.com/superJetApi/static/js/main.cbda0f12.chunk.js (1)
[22676:22692:0907/170249.632:INFO:CONSOLE(1)] "City=  Available city=  fetchedCity= ", source: https://ekycuat.motilaloswal.com/superJetApi/static/js/main.cbda0f12.chunk.js (1)
[22676:22692:0907/170249.632:INFO:CONSOLE(1)] "cities ", source: https://ekycuat.motilaloswal.com/superJetApi/static/js/main.cbda0f12.chunk.js (1)
[22676:22692:0907/170249.634:INFO:CONSOLE(1)] "nomineeType in Input otp undefined", source: https://ekycuat.motilaloswal.com/superJetApi/static/js/main.cbda0f12.chunk.js (1)
[22676:22692:0907/170249.634:INFO:CONSOLE(1)] "nomineeType in Input fullName undefined", source: https://ekycuat.motilaloswal.com/superJetApi/static/js/main.cbda0f12.chunk.js (1)
[22676:22692:0907/170249.634:INFO:CONSOLE(1)] "nomineeType in Input mobileNo undefined", source: https://ekycuat.motilaloswal.com/superJetApi/static/js/main.cbda0f12.chunk.js (1)
[22676:22692:0907/170249.635:INFO:CONSOLE(1)] "nomineeType in Input isPolicyAccepted undefined", source: https://ekycuat.motilaloswal.com/superJetApi/static/js/main.cbda0f12.chunk.js (1)
[22676:22692:0907/170249.637:INFO:CONSOLE(1)] "nomineeType in Input fullName undefined", source: https://ekycuat.motilaloswal.com/superJetApi/static/js/main.cbda0f12.chunk.js (1)
[22676:22692:0907/170249.637:INFO:CONSOLE(1)] "nomineeType in Input mobileNo undefined", source: https://ekycuat.motilaloswal.com/superJetApi/static/js/main.cbda0f12.chunk.js (1)
[22676:22692:0907/170249.642:INFO:CONSOLE(1)] "client details=> undefined undefined", source: https://ekycuat.motilaloswal.com/superJetApi/static/js/main.cbda0f12.chunk.js (1)
[22676:22692:0907/170249.647:INFO:CONSOLE(1)] "test123-> 0 Hight-> 606 IWDTH-> 1366", source: https://ekycuat.motilaloswal.com/superJetApi/static/js/main.cbda0f12.chunk.js (1)
[22676:22692:0907/170249.647:INFO:CONSOLE(1)] "test123--> 0", source: https://ekycuat.motilaloswal.com/superJetApi/static/js/main.cbda0f12.chunk.js (1)
[22676:22692:0907/170249.647:INFO:CONSOLE(1)] "test123--> false", source: https://ekycuat.motilaloswal.com/superJetApi/static/js/main.cbda0f12.chunk.js (1)
[22676:22692:0907/170249.648:INFO:CONSOLE(1)] "render regform", source: https://ekycuat.motilaloswal.com/superJetApi/static/js/main.cbda0f12.chunk.js (1)
[22676:22692:0907/170249.649:INFO:CONSOLE(1)] "City=  Available city=  fetchedCity= ", source: https://ekycuat.motilaloswal.com/superJetApi/static/js/main.cbda0f12.chunk.js (1)
[22676:22692:0907/170249.649:INFO:CONSOLE(1)] "cities ", source: https://ekycuat.motilaloswal.com/superJetApi/static/js/main.cbda0f12.chunk.js (1)
[22676:22692:0907/170249.650:INFO:CONSOLE(1)] "nomineeType in Input otp undefined", source: https://ekycuat.motilaloswal.com/superJetApi/static/js/main.cbda0f12.chunk.js (1)
[22676:22692:0907/170249.650:INFO:CONSOLE(1)] "nomineeType in Input fullName undefined", source: https://ekycuat.motilaloswal.com/superJetApi/static/js/main.cbda0f12.chunk.js (1)
[22676:22692:0907/170249.650:INFO:CONSOLE(1)] "nomineeType in Input mobileNo undefined", source: https://ekycuat.motilaloswal.com/superJetApi/static/js/main.cbda0f12.chunk.js (1)
[22676:22692:0907/170249.651:INFO:CONSOLE(1)] "nomineeType in Input isPolicyAccepted undefined", source: https://ekycuat.motilaloswal.com/superJetApi/static/js/main.cbda0f12.chunk.js (1)
[22676:22692:0907/170249.651:INFO:CONSOLE(1)] "prevProps [object Object]", source: https://ekycuat.motilaloswal.com/superJetApi/static/js/main.cbda0f12.chunk.js (1)
[22676:22692:0907/170249.651:INFO:CONSOLE(1)] "this.props [object Object]", source: https://ekycuat.motilaloswal.com/superJetApi/static/js/main.cbda0f12.chunk.js (1)
[22676:22692:0907/170249.652:INFO:CONSOLE(1)] "b params [object Object]", source: https://ekycuat.motilaloswal.com/superJetApi/static/js/main.cbda0f12.chunk.js (1)
[22676:22692:0907/170249.652:INFO:CONSOLE(1)] "a params [object Object]", source: https://ekycuat.motilaloswal.com/superJetApi/static/js/main.cbda0f12.chunk.js (1)
[22676:22692:0907/170249.652:INFO:CONSOLE(1)] "params [object Object]", source: https://ekycuat.motilaloswal.com/superJetApi/static/js/main.cbda0f12.chunk.js (1)
[22676:22692:0907/170249.652:INFO:CONSOLE(1)] "In reducers *** type=> SET_USER payload=> [object Object] action=> [object Object] state=> [object Proxy]", source: https://ekycuat.motilaloswal.com/superJetApi/static/js/main.cbda0f12.chunk.js (1)
[22676:22692:0907/170249.653:INFO:CONSOLE(1)] "false loader quotes", source: https://ekycuat.motilaloswal.com/superJetApi/static/js/main.cbda0f12.chunk.js (1)
[22676:22692:0907/170249.654:INFO:CONSOLE(1)] "Moiz=====> DIRECT", source: https://ekycuat.motilaloswal.com/superJetApi/static/js/main.cbda0f12.chunk.js (1)
[22676:22692:0907/170249.654:INFO:CONSOLE(1)] "render regform", source: https://ekycuat.motilaloswal.com/superJetApi/static/js/main.cbda0f12.chunk.js (1)
[22676:22692:0907/170249.654:INFO:CONSOLE(1)] "City=  Available city=  fetchedCity= ", source: https://ekycuat.motilaloswal.com/superJetApi/static/js/main.cbda0f12.chunk.js (1)
[22676:22692:0907/170249.654:INFO:CONSOLE(1)] "cities ", source: https://ekycuat.motilaloswal.com/superJetApi/static/js/main.cbda0f12.chunk.js (1)
[22676:22692:0907/170249.654:INFO:CONSOLE(1)] "nomineeType in Input otp undefined", source: https://ekycuat.motilaloswal.com/superJetApi/static/js/main.cbda0f12.chunk.js (1)
[22676:22692:0907/170249.655:INFO:CONSOLE(1)] "nomineeType in Input fullName undefined", source: https://ekycuat.motilaloswal.com/superJetApi/static/js/main.cbda0f12.chunk.js (1)
[22676:22692:0907/170249.655:INFO:CONSOLE(1)] "nomineeType in Input mobileNo undefined", source: https://ekycuat.motilaloswal.com/superJetApi/static/js/main.cbda0f12.chunk.js (1)
[22676:22692:0907/170249.655:INFO:CONSOLE(1)] "nomineeType in Input referralCode undefined", source: https://ekycuat.motilaloswal.com/superJetApi/static/js/main.cbda0f12.chunk.js (1)
[22676:22692:0907/170249.663:INFO:CONSOLE(1)] "nomineeType in Input isSouthIndian undefined", source: https://ekycuat.motilaloswal.com/superJetApi/static/js/main.cbda0f12.chunk.js (1)
[22676:22692:0907/170249.663:INFO:CONSOLE(1)] "nomineeType in Input isPolicyAccepted undefined", source: https://ekycuat.motilaloswal.com/superJetApi/static/js/main.cbda0f12.chunk.js (1)
[22676:22692:0907/170249.664:INFO:CONSOLE(1)] "nomineeType in Input fullName undefined", source: https://ekycuat.motilaloswal.com/superJetApi/static/js/main.cbda0f12.chunk.js (1)
[22676:22692:0907/170249.664:INFO:CONSOLE(1)] "nomineeType in Input mobileNo undefined", source: https://ekycuat.motilaloswal.com/superJetApi/static/js/main.cbda0f12.chunk.js (1)
[22676:22692:0907/170249.668:INFO:CONSOLE(1)] "prevProps [object Object]", source: https://ekycuat.motilaloswal.com/superJetApi/static/js/main.cbda0f12.chunk.js (1)
[22676:22692:0907/170249.668:INFO:CONSOLE(1)] "this.props [object Object]", source: https://ekycuat.motilaloswal.com/superJetApi/static/js/main.cbda0f12.chunk.js (1)
[22676:22692:0907/170249.668:INFO:CONSOLE(1)] "City=  Available city=  fetchedCity= ", source: https://ekycuat.motilaloswal.com/superJetApi/static/js/main.cbda0f12.chunk.js (1)
[22676:22692:0907/170249.669:INFO:CONSOLE(1)] "cities ", source: https://ekycuat.motilaloswal.com/superJetApi/static/js/main.cbda0f12.chunk.js (1)
[22676:22692:0907/170249.669:INFO:CONSOLE(1)] "nomineeType in Input otp undefined", source: https://ekycuat.motilaloswal.com/superJetApi/static/js/main.cbda0f12.chunk.js (1)
[22676:22692:0907/170249.669:INFO:CONSOLE(1)] "nomineeType in Input fullName undefined", source: https://ekycuat.motilaloswal.com/superJetApi/static/js/main.cbda0f12.chunk.js (1)
[22676:22692:0907/170249.669:INFO:CONSOLE(1)] "nomineeType in Input mobileNo undefined", source: https://ekycuat.motilaloswal.com/superJetApi/static/js/main.cbda0f12.chunk.js (1)
[22676:22692:0907/170249.670:INFO:CONSOLE(1)] "nomineeType in Input referralCode undefined", source: https://ekycuat.motilaloswal.com/superJetApi/static/js/main.cbda0f12.chunk.js (1)
[22676:22692:0907/170249.670:INFO:CONSOLE(1)] "nomineeType in Input isSouthIndian undefined", source: https://ekycuat.motilaloswal.com/superJetApi/static/js/main.cbda0f12.chunk.js (1)
[22676:22692:0907/170249.670:INFO:CONSOLE(1)] "nomineeType in Input isPolicyAccepted undefined", source: https://ekycuat.motilaloswal.com/superJetApi/static/js/main.cbda0f12.chunk.js (1)
[22676:22692:0907/170249.671:INFO:CONSOLE(2)] "%c action %cSET_USER %c@ 17:02:49.652 color: gray; font-weight: lighter; color: inherit; color: gray; font-weight: lighter;", source: https://ekycuat.motilaloswal.com/superJetApi/static/js/10.868f9fa8.chunk.js (2)
[22676:22692:0907/170249.671:INFO:CONSOLE(2)] "%c prev state color: #9E9E9E; font-weight: bold [object Object]", source: https://ekycuat.motilaloswal.com/superJetApi/static/js/10.868f9fa8.chunk.js (2)
[22676:22692:0907/170249.671:INFO:CONSOLE(2)] "%c action     color: #03A9F4; font-weight: bold [object Object]", source: https://ekycuat.motilaloswal.com/superJetApi/static/js/10.868f9fa8.chunk.js (2)
[22676:22692:0907/170249.671:INFO:CONSOLE(2)] "%c next state color: #4CAF50; font-weight: bold [object Object]", source: https://ekycuat.motilaloswal.com/superJetApi/static/js/10.868f9fa8.chunk.js (2)
[22676:22692:0907/170249.671:INFO:CONSOLE(2)] "console.groupEnd", source: https://ekycuat.motilaloswal.com/superJetApi/static/js/10.868f9fa8.chunk.js (2)
[22676:22692:0907/170249.682:INFO:CONSOLE(1)] "blogs data [object Object],[object Object],[object Object],[object Object]", source: https://ekycuat.motilaloswal.com/superJetApi/static/js/main.cbda0f12.chunk.js (1)
[22676:22692:0907/170249.683:INFO:CONSOLE(1)] "getRegBlogsDetails= [object Object],[object Object],[object Object],[object Object]", source: https://ekycuat.motilaloswal.com/superJetApi/static/js/main.cbda0f12.chunk.js (1)
[22676:22692:0907/170250.209:INFO:CONSOLE(1)] "public data [object Object]", source: https://ekycuat.motilaloswal.com/superJetApi/static/js/main.cbda0f12.chunk.js (1)
[22676:22692:0907/170250.209:INFO:CONSOLE(1)] "IP public= [object Object] 49.249.28.90", source: https://ekycuat.motilaloswal.com/superJetApi/static/js/main.cbda0f12.chunk.js (1)
[22676:22692:0907/170250.210:INFO:CONSOLE(1)] "City=  Available city=  fetchedCity= Bengaluru", source: https://ekycuat.motilaloswal.com/superJetApi/static/js/main.cbda0f12.chunk.js (1)
[22676:22692:0907/170250.210:INFO:CONSOLE(1)] "cities ", source: https://ekycuat.motilaloswal.com/superJetApi/static/js/main.cbda0f12.chunk.js (1)
[22676:22692:0907/170250.210:INFO:CONSOLE(1)] "nomineeType in Input otp undefined", source: https://ekycuat.motilaloswal.com/superJetApi/static/js/main.cbda0f12.chunk.js (1)
[22676:22692:0907/170250.210:INFO:CONSOLE(1)] "nomineeType in Input fullName undefined", source: https://ekycuat.motilaloswal.com/superJetApi/static/js/main.cbda0f12.chunk.js (1)
[22676:22692:0907/170250.210:INFO:CONSOLE(1)] "nomineeType in Input mobileNo undefined", source: https://ekycuat.motilaloswal.com/superJetApi/static/js/main.cbda0f12.chunk.js (1)
[22676:22692:0907/170250.211:INFO:CONSOLE(1)] "nomineeType in Input referralCode undefined", source: https://ekycuat.motilaloswal.com/superJetApi/static/js/main.cbda0f12.chunk.js (1)
[22676:22692:0907/170250.211:INFO:CONSOLE(1)] "nomineeType in Input isSouthIndian undefined", source: https://ekycuat.motilaloswal.com/superJetApi/static/js/main.cbda0f12.chunk.js (1)
[22676:22692:0907/170250.211:INFO:CONSOLE(1)] "nomineeType in Input isPolicyAccepted undefined", source: https://ekycuat.motilaloswal.com/superJetApi/static/js/main.cbda0f12.chunk.js (1)
[22676:22692:0907/170250.212:INFO:CONSOLE(1)] "initScript= [object Object]", source: https://ekycuat.motilaloswal.com/superJetApi/static/js/main.cbda0f12.chunk.js (1)
[22676:22692:0907/170250.249:INFO:CONSOLE(1)] "handle Key down Shift", source: https://ekycuat.motilaloswal.com/superJetApi/static/js/main.cbda0f12.chunk.js (1)
[22676:22692:0907/170250.250:INFO:CONSOLE(1)] "handle Key down R", source: https://ekycuat.motilaloswal.com/superJetApi/static/js/main.cbda0f12.chunk.js (1)
[22676:22692:0907/170250.251:INFO:CONSOLE(1)] "target=> [object HTMLInputElement]", source: https://ekycuat.motilaloswal.com/superJetApi/static/js/main.cbda0f12.chunk.js (1)
[22676:22692:0907/170250.251:INFO:CONSOLE(1)] "handleInputChange name,value fullName R", source: https://ekycuat.motilaloswal.com/superJetApi/static/js/main.cbda0f12.chunk.js (1)
[22676:22692:0907/170250.252:INFO:CONSOLE(1)] "City=  Available city=  fetchedCity= Bengaluru", source: https://ekycuat.motilaloswal.com/superJetApi/static/js/main.cbda0f12.chunk.js (1)
[22676:22692:0907/170250.252:INFO:CONSOLE(1)] "cities ", source: https://ekycuat.motilaloswal.com/superJetApi/static/js/main.cbda0f12.chunk.js (1)
[22676:22692:0907/170250.252:INFO:CONSOLE(1)] "nomineeType in Input otp undefined", source: https://ekycuat.motilaloswal.com/superJetApi/static/js/main.cbda0f12.chunk.js (1)
[22676:22692:0907/170250.253:INFO:CONSOLE(1)] "nomineeType in Input fullName undefined", source: https://ekycuat.motilaloswal.com/superJetApi/static/js/main.cbda0f12.chunk.js (1)
[22676:22692:0907/170250.253:INFO:CONSOLE(1)] "nomineeType in Input mobileNo undefined", source: https://ekycuat.motilaloswal.com/superJetApi/static/js/main.cbda0f12.chunk.js (1)
[22676:22692:0907/170250.253:INFO:CONSOLE(1)] "nomineeType in Input referralCode undefined", source: https://ekycuat.motilaloswal.com/superJetApi/static/js/main.cbda0f12.chunk.js (1)
[22676:22692:0907/170250.253:INFO:CONSOLE(1)] "nomineeType in Input isSouthIndian undefined", source: https://ekycuat.motilaloswal.com/superJetApi/static/js/main.cbda0f12.chunk.js (1)
[22676:22692:0907/170250.253:INFO:CONSOLE(1)] "nomineeType in Input isPolicyAccepted undefined", source: https://ekycuat.motilaloswal.com/superJetApi/static/js/main.cbda0f12.chunk.js (1)
[22676:22692:0907/170250.253:INFO:CONSOLE(1)] "error cleared", source: https://ekycuat.motilaloswal.com/superJetApi/static/js/main.cbda0f12.chunk.js (1)
[22676:22692:0907/170250.254:INFO:CONSOLE(1)] "handle Key down o", source: https://ekycuat.motilaloswal.com/superJetApi/static/js/main.cbda0f12.chunk.js (1)
[22676:22692:0907/170250.255:INFO:CONSOLE(1)] "target=> [object HTMLInputElement]", source: https://ekycuat.motilaloswal.com/superJetApi/static/js/main.cbda0f12.chunk.js (1)
[22676:22692:0907/170250.255:INFO:CONSOLE(1)] "handleInputChange name,value fullName Ro", source: https://ekycuat.motilaloswal.com/superJetApi/static/js/main.cbda0f12.chunk.js (1)
[22676:22692:0907/170250.255:INFO:CONSOLE(1)] "City=  Available city=  fetchedCity= Bengaluru", source: https://ekycuat.motilaloswal.com/superJetApi/static/js/main.cbda0f12.chunk.js (1)
[22676:22692:0907/170250.255:INFO:CONSOLE(1)] "cities ", source: https://ekycuat.motilaloswal.com/superJetApi/static/js/main.cbda0f12.chunk.js (1)
[22676:22692:0907/170250.256:INFO:CONSOLE(1)] "nomineeType in Input otp undefined", source: https://ekycuat.motilaloswal.com/superJetApi/static/js/main.cbda0f12.chunk.js (1)
[22676:22692:0907/170250.256:INFO:CONSOLE(1)] "nomineeType in Input fullName undefined", source: https://ekycuat.motilaloswal.com/superJetApi/static/js/main.cbda0f12.chunk.js (1)
[22676:22692:0907/170250.256:INFO:CONSOLE(1)] "nomineeType in Input mobileNo undefined", source: https://ekycuat.motilaloswal.com/superJetApi/static/js/main.cbda0f12.chunk.js (1)
[22676:22692:0907/170250.256:INFO:CONSOLE(1)] "nomineeType in Input referralCode undefined", source: https://ekycuat.motilaloswal.com/superJetApi/static/js/main.cbda0f12.chunk.js (1)
[22676:22692:0907/170250.256:INFO:CONSOLE(1)] "nomineeType in Input isSouthIndian undefined", source: https://ekycuat.motilaloswal.com/superJetApi/static/js/main.cbda0f12.chunk.js (1)
[22676:22692:0907/170250.256:INFO:CONSOLE(1)] "nomineeType in Input isPolicyAccepted undefined", source: https://ekycuat.motilaloswal.com/superJetApi/static/js/main.cbda0f12.chunk.js (1)
[22676:22692:0907/170250.257:INFO:CONSOLE(1)] "error cleared", source: https://ekycuat.motilaloswal.com/superJetApi/static/js/main.cbda0f12.chunk.js (1)
[22676:22692:0907/170250.257:INFO:CONSOLE(1)] "handle Key down n", source: https://ekycuat.motilaloswal.com/superJetApi/static/js/main.cbda0f12.chunk.js (1)
[22676:22692:0907/170250.258:INFO:CONSOLE(1)] "target=> [object HTMLInputElement]", source: https://ekycuat.motilaloswal.com/superJetApi/static/js/main.cbda0f12.chunk.js (1)
[22676:22692:0907/170250.258:INFO:CONSOLE(1)] "handleInputChange name,value fullName Ron", source: https://ekycuat.motilaloswal.com/superJetApi/static/js/main.cbda0f12.chunk.js (1)
[22676:22692:0907/170250.258:INFO:CONSOLE(1)] "City=  Available city=  fetchedCity= Bengaluru", source: https://ekycuat.motilaloswal.com/superJetApi/static/js/main.cbda0f12.chunk.js (1)
[22676:22692:0907/170250.258:INFO:CONSOLE(1)] "cities ", source: https://ekycuat.motilaloswal.com/superJetApi/static/js/main.cbda0f12.chunk.js (1)
[22676:22692:0907/170250.258:INFO:CONSOLE(1)] "nomineeType in Input otp undefined", source: https://ekycuat.motilaloswal.com/superJetApi/static/js/main.cbda0f12.chunk.js (1)
[22676:22692:0907/170250.259:INFO:CONSOLE(1)] "nomineeType in Input fullName undefined", source: https://ekycuat.motilaloswal.com/superJetApi/static/js/main.cbda0f12.chunk.js (1)
[22676:22692:0907/170250.259:INFO:CONSOLE(1)] "nomineeType in Input mobileNo undefined", source: https://ekycuat.motilaloswal.com/superJetApi/static/js/main.cbda0f12.chunk.js (1)
[22676:22692:0907/170250.259:INFO:CONSOLE(1)] "nomineeType in Input referralCode undefined", source: https://ekycuat.motilaloswal.com/superJetApi/static/js/main.cbda0f12.chunk.js (1)
[22676:22692:0907/170250.259:INFO:CONSOLE(1)] "nomineeType in Input isSouthIndian undefined", source: https://ekycuat.motilaloswal.com/superJetApi/static/js/main.cbda0f12.chunk.js (1)
[22676:22692:0907/170250.259:INFO:CONSOLE(1)] "nomineeType in Input isPolicyAccepted undefined", source: https://ekycuat.motilaloswal.com/superJetApi/static/js/main.cbda0f12.chunk.js (1)
[22676:22692:0907/170250.259:INFO:CONSOLE(1)] "error cleared", source: https://ekycuat.motilaloswal.com/superJetApi/static/js/main.cbda0f12.chunk.js (1)
[22676:22692:0907/170251.216:INFO:CONSOLE(1)] "screenTimer=> 9", source: https://ekycuat.motilaloswal.com/superJetApi/static/js/main.cbda0f12.chunk.js (1)
[22676:22692:0907/170251.795:ERROR:device_event_log_impl.cc(222)] [17:02:51.796] USB: usb_service_win.cc:415 Could not read device interface GUIDs: The system cannot find the file specified. (0x2)
[22676:22692:0907/170252.222:INFO:CONSOLE(1)] "screenTimer=> 8", source: https://ekycuat.motilaloswal.com/superJetApi/static/js/main.cbda0f12.chunk.js (1)
[22676:22692:0907/170252.387:INFO:CONSOLE(1)] "Input blur fullName Ron true", source: https://ekycuat.motilaloswal.com/superJetApi/static/js/main.cbda0f12.chunk.js (1)
[22676:22692:0907/170252.387:INFO:CONSOLE(1)] "validate fullName Ron true", source: https://ekycuat.motilaloswal.com/superJetApi/static/js/main.cbda0f12.chunk.js (1)
[22676:22692:0907/170252.387:INFO:CONSOLE(1)] "vailid true", source: https://ekycuat.motilaloswal.com/superJetApi/static/js/main.cbda0f12.chunk.js (1)
[22676:22692:0907/170252.401:INFO:CONSOLE(1)] "handle Key down 8", source: https://ekycuat.motilaloswal.com/superJetApi/static/js/main.cbda0f12.chunk.js (1)
[22676:22692:0907/170252.404:INFO:CONSOLE(1)] "target=> [object HTMLInputElement]", source: https://ekycuat.motilaloswal.com/superJetApi/static/js/main.cbda0f12.chunk.js (1)
[22676:22692:0907/170252.404:INFO:CONSOLE(1)] "value 8 true", source: https://ekycuat.motilaloswal.com/superJetApi/static/js/main.cbda0f12.chunk.js (1)
[22676:22692:0907/170252.405:INFO:CONSOLE(1)] "handleInputChange name,value mobileNo 8", source: https://ekycuat.motilaloswal.com/superJetApi/static/js/main.cbda0f12.chunk.js (1)
[22676:22692:0907/170252.407:INFO:CONSOLE(1)] "City=  Available city=  fetchedCity= Bengaluru", source: https://ekycuat.motilaloswal.com/superJetApi/static/js/main.cbda0f12.chunk.js (1)
[22676:22692:0907/170252.407:INFO:CONSOLE(1)] "cities ", source: https://ekycuat.motilaloswal.com/superJetApi/static/js/main.cbda0f12.chunk.js (1)
[22676:22692:0907/170252.409:INFO:CONSOLE(1)] "nomineeType in Input otp undefined", source: https://ekycuat.motilaloswal.com/superJetApi/static/js/main.cbda0f12.chunk.js (1)
[22676:22692:0907/170252.409:INFO:CONSOLE(1)] "nomineeType in Input fullName undefined", source: https://ekycuat.motilaloswal.com/superJetApi/static/js/main.cbda0f12.chunk.js (1)
[22676:22692:0907/170252.409:INFO:CONSOLE(1)] "nomineeType in Input mobileNo undefined", source: https://ekycuat.motilaloswal.com/superJetApi/static/js/main.cbda0f12.chunk.js (1)
[22676:22692:0907/170252.410:INFO:CONSOLE(1)] "nomineeType in Input referralCode undefined", source: https://ekycuat.motilaloswal.com/superJetApi/static/js/main.cbda0f12.chunk.js (1)
[22676:22692:0907/170252.410:INFO:CONSOLE(1)] "nomineeType in Input isSouthIndian undefined", source: https://ekycuat.motilaloswal.com/superJetApi/static/js/main.cbda0f12.chunk.js (1)
[22676:22692:0907/170252.410:INFO:CONSOLE(1)] "nomineeType in Input isPolicyAccepted undefined", source: https://ekycuat.motilaloswal.com/superJetApi/static/js/main.cbda0f12.chunk.js (1)
[22676:22692:0907/170252.411:INFO:CONSOLE(1)] "error cleared", source: https://ekycuat.motilaloswal.com/superJetApi/static/js/main.cbda0f12.chunk.js (1)
[22676:22692:0907/170252.411:INFO:CONSOLE(1)] "handle Key down 8", source: https://ekycuat.motilaloswal.com/superJetApi/static/js/main.cbda0f12.chunk.js (1)
[22676:22692:0907/170252.413:INFO:CONSOLE(1)] "target=> [object HTMLInputElement]", source: https://ekycuat.motilaloswal.com/superJetApi/static/js/main.cbda0f12.chunk.js (1)
[22676:22692:0907/170252.413:INFO:CONSOLE(1)] "value 88 true", source: https://ekycuat.motilaloswal.com/superJetApi/static/js/main.cbda0f12.chunk.js (1)
[22676:22692:0907/170252.414:INFO:CONSOLE(1)] "handleInputChange name,value mobileNo 88", source: https://ekycuat.motilaloswal.com/superJetApi/static/js/main.cbda0f12.chunk.js (1)
[22676:22692:0907/170252.414:INFO:CONSOLE(1)] "City=  Available city=  fetchedCity= Bengaluru", source: https://ekycuat.motilaloswal.com/superJetApi/static/js/main.cbda0f12.chunk.js (1)
[22676:22692:0907/170252.415:INFO:CONSOLE(1)] "cities ", source: https://ekycuat.motilaloswal.com/superJetApi/static/js/main.cbda0f12.chunk.js (1)
[22676:22692:0907/170252.415:INFO:CONSOLE(1)] "nomineeType in Input otp undefined", source: https://ekycuat.motilaloswal.com/superJetApi/static/js/main.cbda0f12.chunk.js (1)
[22676:22692:0907/170252.416:INFO:CONSOLE(1)] "nomineeType in Input fullName undefined", source: https://ekycuat.motilaloswal.com/superJetApi/static/js/main.cbda0f12.chunk.js (1)
[22676:22692:0907/170252.416:INFO:CONSOLE(1)] "nomineeType in Input mobileNo undefined", source: https://ekycuat.motilaloswal.com/superJetApi/static/js/main.cbda0f12.chunk.js (1)
[22676:22692:0907/170252.416:INFO:CONSOLE(1)] "nomineeType in Input referralCode undefined", source: https://ekycuat.motilaloswal.com/superJetApi/static/js/main.cbda0f12.chunk.js (1)
[22676:22692:0907/170252.417:INFO:CONSOLE(1)] "nomineeType in Input isSouthIndian undefined", source: https://ekycuat.motilaloswal.com/superJetApi/static/js/main.cbda0f12.chunk.js (1)
[22676:22692:0907/170252.417:INFO:CONSOLE(1)] "nomineeType in Input isPolicyAccepted undefined", source: https://ekycuat.motilaloswal.com/superJetApi/static/js/main.cbda0f12.chunk.js (1)
[22676:22692:0907/170252.418:INFO:CONSOLE(1)] "error cleared", source: https://ekycuat.motilaloswal.com/superJetApi/static/js/main.cbda0f12.chunk.js (1)
[22676:22692:0907/170252.418:INFO:CONSOLE(1)] "handle Key down 9", source: https://ekycuat.motilaloswal.com/superJetApi/static/js/main.cbda0f12.chunk.js (1)
[22676:22692:0907/170252.419:INFO:CONSOLE(1)] "target=> [object HTMLInputElement]", source: https://ekycuat.motilaloswal.com/superJetApi/static/js/main.cbda0f12.chunk.js (1)
[22676:22692:0907/170252.420:INFO:CONSOLE(1)] "value 889 true", source: https://ekycuat.motilaloswal.com/superJetApi/static/js/main.cbda0f12.chunk.js (1)
[22676:22692:0907/170252.420:INFO:CONSOLE(1)] "handleInputChange name,value mobileNo 889", source: https://ekycuat.motilaloswal.com/superJetApi/static/js/main.cbda0f12.chunk.js (1)
[22676:22692:0907/170252.421:INFO:CONSOLE(1)] "City=  Available city=  fetchedCity= Bengaluru", source: https://ekycuat.motilaloswal.com/superJetApi/static/js/main.cbda0f12.chunk.js (1)
[22676:22692:0907/170252.421:INFO:CONSOLE(1)] "cities ", source: https://ekycuat.motilaloswal.com/superJetApi/static/js/main.cbda0f12.chunk.js (1)
[22676:22692:0907/170252.422:INFO:CONSOLE(1)] "nomineeType in Input otp undefined", source: https://ekycuat.motilaloswal.com/superJetApi/static/js/main.cbda0f12.chunk.js (1)
[22676:22692:0907/170252.422:INFO:CONSOLE(1)] "nomineeType in Input fullName undefined", source: https://ekycuat.motilaloswal.com/superJetApi/static/js/main.cbda0f12.chunk.js (1)
[22676:22692:0907/170252.422:INFO:CONSOLE(1)] "nomineeType in Input mobileNo undefined", source: https://ekycuat.motilaloswal.com/superJetApi/static/js/main.cbda0f12.chunk.js (1)
[22676:22692:0907/170252.422:INFO:CONSOLE(1)] "nomineeType in Input referralCode undefined", source: https://ekycuat.motilaloswal.com/superJetApi/static/js/main.cbda0f12.chunk.js (1)
[22676:22692:0907/170252.423:INFO:CONSOLE(1)] "nomineeType in Input isSouthIndian undefined", source: https://ekycuat.motilaloswal.com/superJetApi/static/js/main.cbda0f12.chunk.js (1)
[22676:22692:0907/170252.423:INFO:CONSOLE(1)] "nomineeType in Input isPolicyAccepted undefined", source: https://ekycuat.motilaloswal.com/superJetApi/static/js/main.cbda0f12.chunk.js (1)
[22676:22692:0907/170252.424:INFO:CONSOLE(1)] "error cleared", source: https://ekycuat.motilaloswal.com/superJetApi/static/js/main.cbda0f12.chunk.js (1)
[22676:22692:0907/170252.425:INFO:CONSOLE(1)] "handle Key down 2", source: https://ekycuat.motilaloswal.com/superJetApi/static/js/main.cbda0f12.chunk.js (1)
[22676:22692:0907/170252.427:INFO:CONSOLE(1)] "target=> [object HTMLInputElement]", source: https://ekycuat.motilaloswal.com/superJetApi/static/js/main.cbda0f12.chunk.js (1)
[22676:22692:0907/170252.427:INFO:CONSOLE(1)] "value 8892 true", source: https://ekycuat.motilaloswal.com/superJetApi/static/js/main.cbda0f12.chunk.js (1)
[22676:22692:0907/170252.427:INFO:CONSOLE(1)] "handleInputChange name,value mobileNo 8892", source: https://ekycuat.motilaloswal.com/superJetApi/static/js/main.cbda0f12.chunk.js (1)
[22676:22692:0907/170252.428:INFO:CONSOLE(1)] "City=  Available city=  fetchedCity= Bengaluru", source: https://ekycuat.motilaloswal.com/superJetApi/static/js/main.cbda0f12.chunk.js (1)
[22676:22692:0907/170252.428:INFO:CONSOLE(1)] "cities ", source: https://ekycuat.motilaloswal.com/superJetApi/static/js/main.cbda0f12.chunk.js (1)
[22676:22692:0907/170252.429:INFO:CONSOLE(1)] "nomineeType in Input otp undefined", source: https://ekycuat.motilaloswal.com/superJetApi/static/js/main.cbda0f12.chunk.js (1)
[22676:22692:0907/170252.429:INFO:CONSOLE(1)] "nomineeType in Input fullName undefined", source: https://ekycuat.motilaloswal.com/superJetApi/static/js/main.cbda0f12.chunk.js (1)
[22676:22692:0907/170252.430:INFO:CONSOLE(1)] "nomineeType in Input mobileNo undefined", source: https://ekycuat.motilaloswal.com/superJetApi/static/js/main.cbda0f12.chunk.js (1)
[22676:22692:0907/170252.430:INFO:CONSOLE(1)] "nomineeType in Input referralCode undefined", source: https://ekycuat.motilaloswal.com/superJetApi/static/js/main.cbda0f12.chunk.js (1)
[22676:22692:0907/170252.430:INFO:CONSOLE(1)] "nomineeType in Input isSouthIndian undefined", source: https://ekycuat.motilaloswal.com/superJetApi/static/js/main.cbda0f12.chunk.js (1)
[22676:22692:0907/170252.431:INFO:CONSOLE(1)] "nomineeType in Input isPolicyAccepted undefined", source: https://ekycuat.motilaloswal.com/superJetApi/static/js/main.cbda0f12.chunk.js (1)
[22676:22692:0907/170252.431:INFO:CONSOLE(1)] "error cleared", source: https://ekycuat.motilaloswal.com/superJetApi/static/js/main.cbda0f12.chunk.js (1)
[22676:22692:0907/170252.434:INFO:CONSOLE(1)] "handle Key down 4", source: https://ekycuat.motilaloswal.com/superJetApi/static/js/main.cbda0f12.chunk.js (1)
[22676:22692:0907/170252.436:INFO:CONSOLE(1)] "target=> [object HTMLInputElement]", source: https://ekycuat.motilaloswal.com/superJetApi/static/js/main.cbda0f12.chunk.js (1)
[22676:22692:0907/170252.437:INFO:CONSOLE(1)] "value 88924 true", source: https://ekycuat.motilaloswal.com/superJetApi/static/js/main.cbda0f12.chunk.js (1)
[22676:22692:0907/170252.437:INFO:CONSOLE(1)] "handleInputChange name,value mobileNo 88924", source: https://ekycuat.motilaloswal.com/superJetApi/static/js/main.cbda0f12.chunk.js (1)
[22676:22692:0907/170252.438:INFO:CONSOLE(1)] "City=  Available city=  fetchedCity= Bengaluru", source: https://ekycuat.motilaloswal.com/superJetApi/static/js/main.cbda0f12.chunk.js (1)
[22676:22692:0907/170252.439:INFO:CONSOLE(1)] "cities ", source: https://ekycuat.motilaloswal.com/superJetApi/static/js/main.cbda0f12.chunk.js (1)
[22676:22692:0907/170252.441:INFO:CONSOLE(1)] "nomineeType in Input otp undefined", source: https://ekycuat.motilaloswal.com/superJetApi/static/js/main.cbda0f12.chunk.js (1)
[22676:22692:0907/170252.442:INFO:CONSOLE(1)] "nomineeType in Input fullName undefined", source: https://ekycuat.motilaloswal.com/superJetApi/static/js/main.cbda0f12.chunk.js (1)
[22676:22692:0907/170252.443:INFO:CONSOLE(1)] "nomineeType in Input mobileNo undefined", source: https://ekycuat.motilaloswal.com/superJetApi/static/js/main.cbda0f12.chunk.js (1)
[22676:22692:0907/170252.443:INFO:CONSOLE(1)] "nomineeType in Input referralCode undefined", source: https://ekycuat.motilaloswal.com/superJetApi/static/js/main.cbda0f12.chunk.js (1)
[22676:22692:0907/170252.444:INFO:CONSOLE(1)] "nomineeType in Input isSouthIndian undefined", source: https://ekycuat.motilaloswal.com/superJetApi/static/js/main.cbda0f12.chunk.js (1)
[22676:22692:0907/170252.444:INFO:CONSOLE(1)] "nomineeType in Input isPolicyAccepted undefined", source: https://ekycuat.motilaloswal.com/superJetApi/static/js/main.cbda0f12.chunk.js (1)
[22676:22692:0907/170252.444:INFO:CONSOLE(1)] "error cleared", source: https://ekycuat.motilaloswal.com/superJetApi/static/js/main.cbda0f12.chunk.js (1)
[22676:22692:0907/170252.446:INFO:CONSOLE(1)] "handle Key down 7", source: https://ekycuat.motilaloswal.com/superJetApi/static/js/main.cbda0f12.chunk.js (1)
[22676:22692:0907/170252.448:INFO:CONSOLE(1)] "target=> [object HTMLInputElement]", source: https://ekycuat.motilaloswal.com/superJetApi/static/js/main.cbda0f12.chunk.js (1)
[22676:22692:0907/170252.448:INFO:CONSOLE(1)] "value 889247 true", source: https://ekycuat.motilaloswal.com/superJetApi/static/js/main.cbda0f12.chunk.js (1)
[22676:22692:0907/170252.449:INFO:CONSOLE(1)] "handleInputChange name,value mobileNo 889247", source: https://ekycuat.motilaloswal.com/superJetApi/static/js/main.cbda0f12.chunk.js (1)
[22676:22692:0907/170252.450:INFO:CONSOLE(1)] "City=  Available city=  fetchedCity= Bengaluru", source: https://ekycuat.motilaloswal.com/superJetApi/static/js/main.cbda0f12.chunk.js (1)
[22676:22692:0907/170252.451:INFO:CONSOLE(1)] "cities ", source: https://ekycuat.motilaloswal.com/superJetApi/static/js/main.cbda0f12.chunk.js (1)
[22676:22692:0907/170252.451:INFO:CONSOLE(1)] "nomineeType in Input otp undefined", source: https://ekycuat.motilaloswal.com/superJetApi/static/js/main.cbda0f12.chunk.js (1)
[22676:22692:0907/170252.452:INFO:CONSOLE(1)] "nomineeType in Input fullName undefined", source: https://ekycuat.motilaloswal.com/superJetApi/static/js/main.cbda0f12.chunk.js (1)
[22676:22692:0907/170252.452:INFO:CONSOLE(1)] "nomineeType in Input mobileNo undefined", source: https://ekycuat.motilaloswal.com/superJetApi/static/js/main.cbda0f12.chunk.js (1)
[22676:22692:0907/170252.453:INFO:CONSOLE(1)] "nomineeType in Input referralCode undefined", source: https://ekycuat.motilaloswal.com/superJetApi/static/js/main.cbda0f12.chunk.js (1)
[22676:22692:0907/170252.454:INFO:CONSOLE(1)] "nomineeType in Input isSouthIndian undefined", source: https://ekycuat.motilaloswal.com/superJetApi/static/js/main.cbda0f12.chunk.js (1)
[22676:22692:0907/170252.454:INFO:CONSOLE(1)] "nomineeType in Input isPolicyAccepted undefined", source: https://ekycuat.motilaloswal.com/superJetApi/static/js/main.cbda0f12.chunk.js (1)
[22676:22692:0907/170252.455:INFO:CONSOLE(1)] "error cleared", source: https://ekycuat.motilaloswal.com/superJetApi/static/js/main.cbda0f12.chunk.js (1)
[22676:22692:0907/170252.456:INFO:CONSOLE(1)] "handle Key down 1", source: https://ekycuat.motilaloswal.com/superJetApi/static/js/main.cbda0f12.chunk.js (1)
[22676:22692:0907/170252.458:INFO:CONSOLE(1)] "target=> [object HTMLInputElement]", source: https://ekycuat.motilaloswal.com/superJetApi/static/js/main.cbda0f12.chunk.js (1)
[22676:22692:0907/170252.458:INFO:CONSOLE(1)] "value 8892471 true", source: https://ekycuat.motilaloswal.com/superJetApi/static/js/main.cbda0f12.chunk.js (1)
[22676:22692:0907/170252.459:INFO:CONSOLE(1)] "handleInputChange name,value mobileNo 8892471", source: https://ekycuat.motilaloswal.com/superJetApi/static/js/main.cbda0f12.chunk.js (1)
[22676:22692:0907/170252.459:INFO:CONSOLE(1)] "City=  Available city=  fetchedCity= Bengaluru", source: https://ekycuat.motilaloswal.com/superJetApi/static/js/main.cbda0f12.chunk.js (1)
[22676:22692:0907/170252.459:INFO:CONSOLE(1)] "cities ", source: https://ekycuat.motilaloswal.com/superJetApi/static/js/main.cbda0f12.chunk.js (1)
[22676:22692:0907/170252.460:INFO:CONSOLE(1)] "nomineeType in Input otp undefined", source: https://ekycuat.motilaloswal.com/superJetApi/static/js/main.cbda0f12.chunk.js (1)
[22676:22692:0907/170252.461:INFO:CONSOLE(1)] "nomineeType in Input fullName undefined", source: https://ekycuat.motilaloswal.com/superJetApi/static/js/main.cbda0f12.chunk.js (1)
[22676:22692:0907/170252.461:INFO:CONSOLE(1)] "nomineeType in Input mobileNo undefined", source: https://ekycuat.motilaloswal.com/superJetApi/static/js/main.cbda0f12.chunk.js (1)
[22676:22692:0907/170252.461:INFO:CONSOLE(1)] "nomineeType in Input referralCode undefined", source: https://ekycuat.motilaloswal.com/superJetApi/static/js/main.cbda0f12.chunk.js (1)
[22676:22692:0907/170252.462:INFO:CONSOLE(1)] "nomineeType in Input isSouthIndian undefined", source: https://ekycuat.motilaloswal.com/superJetApi/static/js/main.cbda0f12.chunk.js (1)
[22676:22692:0907/170252.462:INFO:CONSOLE(1)] "nomineeType in Input isPolicyAccepted undefined", source: https://ekycuat.motilaloswal.com/superJetApi/static/js/main.cbda0f12.chunk.js (1)
[22676:22692:0907/170252.463:INFO:CONSOLE(1)] "error cleared", source: https://ekycuat.motilaloswal.com/superJetApi/static/js/main.cbda0f12.chunk.js (1)
[22676:22692:0907/170252.463:INFO:CONSOLE(1)] "handle Key down 1", source: https://ekycuat.motilaloswal.com/superJetApi/static/js/main.cbda0f12.chunk.js (1)
[22676:22692:0907/170252.465:INFO:CONSOLE(1)] "target=> [object HTMLInputElement]", source: https://ekycuat.motilaloswal.com/superJetApi/static/js/main.cbda0f12.chunk.js (1)
[22676:22692:0907/170252.466:INFO:CONSOLE(1)] "value 88924711 true", source: https://ekycuat.motilaloswal.com/superJetApi/static/js/main.cbda0f12.chunk.js (1)
[22676:22692:0907/170252.466:INFO:CONSOLE(1)] "handleInputChange name,value mobileNo 88924711", source: https://ekycuat.motilaloswal.com/superJetApi/static/js/main.cbda0f12.chunk.js (1)
[22676:22692:0907/170252.467:INFO:CONSOLE(1)] "City=  Available city=  fetchedCity= Bengaluru", source: https://ekycuat.motilaloswal.com/superJetApi/static/js/main.cbda0f12.chunk.js (1)
[22676:22692:0907/170252.467:INFO:CONSOLE(1)] "cities ", source: https://ekycuat.motilaloswal.com/superJetApi/static/js/main.cbda0f12.chunk.js (1)
[22676:22692:0907/170252.469:INFO:CONSOLE(1)] "nomineeType in Input otp undefined", source: https://ekycuat.motilaloswal.com/superJetApi/static/js/main.cbda0f12.chunk.js (1)
[22676:22692:0907/170252.469:INFO:CONSOLE(1)] "nomineeType in Input fullName undefined", source: https://ekycuat.motilaloswal.com/superJetApi/static/js/main.cbda0f12.chunk.js (1)
[22676:22692:0907/170252.470:INFO:CONSOLE(1)] "nomineeType in Input mobileNo undefined", source: https://ekycuat.motilaloswal.com/superJetApi/static/js/main.cbda0f12.chunk.js (1)
[22676:22692:0907/170252.470:INFO:CONSOLE(1)] "nomineeType in Input referralCode undefined", source: https://ekycuat.motilaloswal.com/superJetApi/static/js/main.cbda0f12.chunk.js (1)
[22676:22692:0907/170252.470:INFO:CONSOLE(1)] "nomineeType in Input isSouthIndian undefined", source: https://ekycuat.motilaloswal.com/superJetApi/static/js/main.cbda0f12.chunk.js (1)
[22676:22692:0907/170252.471:INFO:CONSOLE(1)] "nomineeType in Input isPolicyAccepted undefined", source: https://ekycuat.motilaloswal.com/superJetApi/static/js/main.cbda0f12.chunk.js (1)
[22676:22692:0907/170252.471:INFO:CONSOLE(1)] "error cleared", source: https://ekycuat.motilaloswal.com/superJetApi/static/js/main.cbda0f12.chunk.js (1)
[22676:22692:0907/170252.472:INFO:CONSOLE(1)] "handle Key down 6", source: https://ekycuat.motilaloswal.com/superJetApi/static/js/main.cbda0f12.chunk.js (1)
[22676:22692:0907/170252.474:INFO:CONSOLE(1)] "target=> [object HTMLInputElement]", source: https://ekycuat.motilaloswal.com/superJetApi/static/js/main.cbda0f12.chunk.js (1)
[22676:22692:0907/170252.474:INFO:CONSOLE(1)] "value 889247116 true", source: https://ekycuat.motilaloswal.com/superJetApi/static/js/main.cbda0f12.chunk.js (1)
[22676:22692:0907/170252.475:INFO:CONSOLE(1)] "handleInputChange name,value mobileNo 889247116", source: https://ekycuat.motilaloswal.com/superJetApi/static/js/main.cbda0f12.chunk.js (1)
[22676:22692:0907/170252.475:INFO:CONSOLE(1)] "City=  Available city=  fetchedCity= Bengaluru", source: https://ekycuat.motilaloswal.com/superJetApi/static/js/main.cbda0f12.chunk.js (1)
[22676:22692:0907/170252.476:INFO:CONSOLE(1)] "cities ", source: https://ekycuat.motilaloswal.com/superJetApi/static/js/main.cbda0f12.chunk.js (1)
[22676:22692:0907/170252.476:INFO:CONSOLE(1)] "nomineeType in Input otp undefined", source: https://ekycuat.motilaloswal.com/superJetApi/static/js/main.cbda0f12.chunk.js (1)
[22676:22692:0907/170252.477:INFO:CONSOLE(1)] "nomineeType in Input fullName undefined", source: https://ekycuat.motilaloswal.com/superJetApi/static/js/main.cbda0f12.chunk.js (1)
[22676:22692:0907/170252.477:INFO:CONSOLE(1)] "nomineeType in Input mobileNo undefined", source: https://ekycuat.motilaloswal.com/superJetApi/static/js/main.cbda0f12.chunk.js (1)
[22676:22692:0907/170252.477:INFO:CONSOLE(1)] "nomineeType in Input referralCode undefined", source: https://ekycuat.motilaloswal.com/superJetApi/static/js/main.cbda0f12.chunk.js (1)
[22676:22692:0907/170252.478:INFO:CONSOLE(1)] "nomineeType in Input isSouthIndian undefined", source: https://ekycuat.motilaloswal.com/superJetApi/static/js/main.cbda0f12.chunk.js (1)
[22676:22692:0907/170252.478:INFO:CONSOLE(1)] "nomineeType in Input isPolicyAccepted undefined", source: https://ekycuat.motilaloswal.com/superJetApi/static/js/main.cbda0f12.chunk.js (1)
[22676:22692:0907/170252.479:INFO:CONSOLE(1)] "error cleared", source: https://ekycuat.motilaloswal.com/superJetApi/static/js/main.cbda0f12.chunk.js (1)
[22676:22692:0907/170252.479:INFO:CONSOLE(1)] "handle Key down 7", source: https://ekycuat.motilaloswal.com/superJetApi/static/js/main.cbda0f12.chunk.js (1)
[22676:22692:0907/170252.481:INFO:CONSOLE(1)] "target=> [object HTMLInputElement]", source: https://ekycuat.motilaloswal.com/superJetApi/static/js/main.cbda0f12.chunk.js (1)
[22676:22692:0907/170252.482:INFO:CONSOLE(1)] "value 8892471167 true", source: https://ekycuat.motilaloswal.com/superJetApi/static/js/main.cbda0f12.chunk.js (1)
[22676:22692:0907/170252.482:INFO:CONSOLE(1)] "handleInputChange name,value mobileNo 8892471167", source: https://ekycuat.motilaloswal.com/superJetApi/static/js/main.cbda0f12.chunk.js (1)
[22676:22692:0907/170252.483:INFO:CONSOLE(1)] "City=  Available city=  fetchedCity= Bengaluru", source: https://ekycuat.motilaloswal.com/superJetApi/static/js/main.cbda0f12.chunk.js (1)
[22676:22692:0907/170252.484:INFO:CONSOLE(1)] "cities ", source: https://ekycuat.motilaloswal.com/superJetApi/static/js/main.cbda0f12.chunk.js (1)
[22676:22692:0907/170252.485:INFO:CONSOLE(1)] "nomineeType in Input otp undefined", source: https://ekycuat.motilaloswal.com/superJetApi/static/js/main.cbda0f12.chunk.js (1)
[22676:22692:0907/170252.486:INFO:CONSOLE(1)] "nomineeType in Input fullName undefined", source: https://ekycuat.motilaloswal.com/superJetApi/static/js/main.cbda0f12.chunk.js (1)
[22676:22692:0907/170252.486:INFO:CONSOLE(1)] "nomineeType in Input mobileNo undefined", source: https://ekycuat.motilaloswal.com/superJetApi/static/js/main.cbda0f12.chunk.js (1)
[22676:22692:0907/170252.486:INFO:CONSOLE(1)] "nomineeType in Input referralCode undefined", source: https://ekycuat.motilaloswal.com/superJetApi/static/js/main.cbda0f12.chunk.js (1)
[22676:22692:0907/170252.487:INFO:CONSOLE(1)] "nomineeType in Input isSouthIndian undefined", source: https://ekycuat.motilaloswal.com/superJetApi/static/js/main.cbda0f12.chunk.js (1)
[22676:22692:0907/170252.487:INFO:CONSOLE(1)] "nomineeType in Input isPolicyAccepted undefined", source: https://ekycuat.motilaloswal.com/superJetApi/static/js/main.cbda0f12.chunk.js (1)
[22676:22692:0907/170252.488:INFO:CONSOLE(1)] "error cleared", source: https://ekycuat.motilaloswal.com/superJetApi/static/js/main.cbda0f12.chunk.js (1)
[22676:22692:0907/170253.228:INFO:CONSOLE(1)] "screenTimer=> 7", source: https://ekycuat.motilaloswal.com/superJetApi/static/js/main.cbda0f12.chunk.js (1)
[22676:22692:0907/170253.858:WARNING:pref_notifier_impl.cc(41)] Pref observer for media_router.cast_allow_all_ips found at shutdown.
